WARNING | 2017-10-13 11:56:35,761 |                                 __main__:27 |  =====> New GenReport session started NOW !!!!
INFO    | 2017-10-13 11:56:35,761 |                                 __main__:94 | GET PATH
INFO    | 2017-10-13 11:56:39,413 |                                 __main__:40 | Start iterating inside .
INFO    | 2017-10-13 11:56:39,415 |                                 __main__:42 | - Check directoty ./backup/ ...
INFO    | 2017-10-13 11:56:39,416 |                                 __main__:58 | [-] Inspect Files in : ./backup//
INFO    | 2017-10-13 11:56:39,416 |                                 __main__:42 | - Check directoty ./cfg/ ...
INFO    | 2017-10-13 11:56:39,417 |                                 __main__:58 | [-] Inspect Files in : ./cfg//
INFO    | 2017-10-13 11:56:39,417 |                                 __main__:42 | - Check directoty ./data/ ...
INFO    | 2017-10-13 11:56:39,417 |                                 __main__:58 | [-] Inspect Files in : ./data//
INFO    | 2017-10-13 11:56:39,418 |                                 __main__:63 | [-] Read File : ./data/mqtt_capture_qos_1_payload_1024_num_req_500.pcap
INFO    | 2017-10-13 11:56:39,418 |                                 __main__:72 | [-] |--- FileID : ./data/mqtt_capture_qos_1_payload_1024_num_req_500
INFO    | 2017-10-13 11:56:39,418 |                                 __main__:78 | [-] |--- QoS: 1
INFO    | 2017-10-13 11:56:39,422 |                                 __main__:79 | [-] |--- Payload: 1024
INFO    | 2017-10-13 11:56:39,422 |                                 __main__:80 | [-] |--- Iteration: 500
DEBUG   | 2017-10-13 11:56:42,169 | mqtt_performance_tester.analyze_with_dup:53 | Search data in 3189100 line of strings
DEBUG   | 2017-10-13 11:56:45,572 | mqtt_performance_tester.analyze_with_dup:163| ---------------------------------------
DEBUG   | 2017-10-13 11:56:45,572 | mqtt_performance_tester.analyze_with_dup:164| Detected 2785 MQTT packets
DEBUG   | 2017-10-13 11:56:45,572 | mqtt_performance_tester.analyze_with_dup:165| ---------------------------------------
DEBUG   | 2017-10-13 11:56:45,572 | mqtt_performance_tester.analyze_with_dup:167| --- n. 477 of MQTT msg: Disconnect Req  
DEBUG   | 2017-10-13 11:56:45,572 | mqtt_performance_tester.analyze_with_dup:167| --- n. 500 of MQTT msg: Connect Command  
DEBUG   | 2017-10-13 11:56:45,572 | mqtt_performance_tester.analyze_with_dup:167| --- n. 552 of MQTT msg: Publish Ack  
DEBUG   | 2017-10-13 11:56:45,572 | mqtt_performance_tester.analyze_with_dup:167| --- n. 541 of MQTT msg: Publish Message  
DEBUG   | 2017-10-13 11:56:45,572 | mqtt_performance_tester.analyze_with_dup:167| --- n. 717 of MQTT msg: Connect Ack  
DEBUG   | 2017-10-13 11:56:45,573 | mqtt_performance_tester.analyze_with_dup:168| ---------------------------------------
DEBUG   | 2017-10-13 11:56:45,573 | mqtt_performance_tester.analyze_with_dup:169| --- 2785 TOTAL MQTT msg exchanged 
DEBUG   | 2017-10-13 11:56:45,573 | mqtt_performance_tester.analyze_with_dup:170| ---------------------------------------
DEBUG   | 2017-10-13 11:56:45,573 | mqtt_performance_tester.analyze_with_dup:171| --- Total Message:       22517
DEBUG   | 2017-10-13 11:56:45,573 | mqtt_performance_tester.analyze_with_dup:172| --- N.Frames:            22517 
DEBUG   | 2017-10-13 11:56:45,573 | mqtt_performance_tester.analyze_with_dup:173| --- TCP Message:         6136 
DEBUG   | 2017-10-13 11:56:45,573 | mqtt_performance_tester.analyze_with_dup:174| --- MQTT Message:        2785
DEBUG   | 2017-10-13 11:56:45,573 | mqtt_performance_tester.analyze_with_dup:175| --- UDP Message:         0
DEBUG   | 2017-10-13 11:56:45,573 | mqtt_performance_tester.analyze_with_dup:176| --- OTHER Message:       13596
DEBUG   | 2017-10-13 11:56:45,573 | mqtt_performance_tester.analyze_with_dup:177| ---------------------------------------
DEBUG   | 2017-10-13 11:56:45,573 | mqtt_performance_tester.analyze_with_dup:178| --- TCP  packets size:   916815
DEBUG   | 2017-10-13 11:56:45,573 | mqtt_performance_tester.analyze_with_dup:179| --- MQTT TCP size:       585298
DEBUG   | 2017-10-13 11:56:45,573 | mqtt_performance_tester.analyze_with_dup:180| --- TCP + TCP:MQTT size: 1502113
DEBUG   | 2017-10-13 11:56:45,573 | mqtt_performance_tester.analyze_with_dup:181| --- MQTT payload size:   576293
DEBUG   | 2017-10-13 11:56:45,574 | mqtt_performance_tester.analyze_with_dup:182| --- UPD packets size:    0
DEBUG   | 2017-10-13 11:56:45,574 | mqtt_performance_tester.analyze_with_dup:183| --- OTHERS packets size: 0
DEBUG   | 2017-10-13 11:56:45,574 | mqtt_performance_tester.analyze_with_dup:184| --- TCP+UDP+OTHER size:  1502113
DEBUG   | 2017-10-13 11:56:45,574 | mqtt_performance_tester.analyze_with_dup:185| --- TOTAL Frames size:   2374809
DEBUG   | 2017-10-13 11:56:45,574 | mqtt_performance_tester.analyze_with_dup:186| ---------------------------------------
INFO    | 2017-10-13 11:56:45,587 | mqtt_performance_tester.analyze_with_dup:268| [E2E Latency]  MIN: 6.9141387939453125e-06 AVG:0.5640108148970766 MAX:88.01728200912476
INFO    | 2017-10-13 11:56:45,587 | mqtt_performance_tester.analyze_with_dup:222| [TCP_OVERHEAD] TCP [916815] / TOTAL (TCP+MQTT)[1502113] = 0.610350 
INFO    | 2017-10-13 11:56:45,587 | mqtt_performance_tester.analyze_with_dup:223| [TCP_OVERHEAD] MQTT[576293] / TOTAL (TCP+MQTT)[1502113] = 0.383655 
INFO    | 2017-10-13 11:56:45,588 | mqtt_performance_tester.analyze_with_dup:210| [Packet  DROP] MQTT_PAYLOAD[576293] / TCP+MQTT_TCP[1502113]= 0.383655 
INFO    | 2017-10-13 11:56:45,712 |                                 __main__:63 | [-] Read File : ./data/mqtt_capture_qos_1_payload_1152_num_req_500.pcap
INFO    | 2017-10-13 11:56:45,715 |                                 __main__:72 | [-] |--- FileID : ./data/mqtt_capture_qos_1_payload_1152_num_req_500
INFO    | 2017-10-13 11:56:45,715 |                                 __main__:78 | [-] |--- QoS: 1
INFO    | 2017-10-13 11:56:45,715 |                                 __main__:79 | [-] |--- Payload: 1152
INFO    | 2017-10-13 11:56:45,716 |                                 __main__:80 | [-] |--- Iteration: 500
DEBUG   | 2017-10-13 11:56:47,846 | mqtt_performance_tester.analyze_with_dup:53 | Search data in 2611559 line of strings
DEBUG   | 2017-10-13 11:56:50,720 | mqtt_performance_tester.analyze_with_dup:163| ---------------------------------------
DEBUG   | 2017-10-13 11:56:50,720 | mqtt_performance_tester.analyze_with_dup:164| Detected 2841 MQTT packets
DEBUG   | 2017-10-13 11:56:50,720 | mqtt_performance_tester.analyze_with_dup:165| ---------------------------------------
DEBUG   | 2017-10-13 11:56:50,720 | mqtt_performance_tester.analyze_with_dup:167| --- n. 487 of MQTT msg: Disconnect Req  
DEBUG   | 2017-10-13 11:56:50,721 | mqtt_performance_tester.analyze_with_dup:167| --- n. 500 of MQTT msg: Connect Command  
DEBUG   | 2017-10-13 11:56:50,721 | mqtt_performance_tester.analyze_with_dup:167| --- n. 550 of MQTT msg: Publish Ack  
DEBUG   | 2017-10-13 11:56:50,721 | mqtt_performance_tester.analyze_with_dup:167| --- n. 519 of MQTT msg: Publish Message  
DEBUG   | 2017-10-13 11:56:50,721 | mqtt_performance_tester.analyze_with_dup:167| --- n. 786 of MQTT msg: Connect Ack  
DEBUG   | 2017-10-13 11:56:50,721 | mqtt_performance_tester.analyze_with_dup:168| ---------------------------------------
DEBUG   | 2017-10-13 11:56:50,721 | mqtt_performance_tester.analyze_with_dup:169| --- 2841 TOTAL MQTT msg exchanged 
DEBUG   | 2017-10-13 11:56:50,721 | mqtt_performance_tester.analyze_with_dup:170| ---------------------------------------
DEBUG   | 2017-10-13 11:56:50,721 | mqtt_performance_tester.analyze_with_dup:171| --- Total Message:       17224
DEBUG   | 2017-10-13 11:56:50,721 | mqtt_performance_tester.analyze_with_dup:172| --- N.Frames:            17224 
DEBUG   | 2017-10-13 11:56:50,721 | mqtt_performance_tester.analyze_with_dup:173| --- TCP Message:         5914 
DEBUG   | 2017-10-13 11:56:50,721 | mqtt_performance_tester.analyze_with_dup:174| --- MQTT Message:        2841
DEBUG   | 2017-10-13 11:56:50,721 | mqtt_performance_tester.analyze_with_dup:175| --- UDP Message:         0
DEBUG   | 2017-10-13 11:56:50,721 | mqtt_performance_tester.analyze_with_dup:176| --- OTHER Message:       8469
DEBUG   | 2017-10-13 11:56:50,721 | mqtt_performance_tester.analyze_with_dup:177| ---------------------------------------
DEBUG   | 2017-10-13 11:56:50,721 | mqtt_performance_tester.analyze_with_dup:178| --- TCP  packets size:   523937
DEBUG   | 2017-10-13 11:56:50,722 | mqtt_performance_tester.analyze_with_dup:179| --- MQTT TCP size:       628499
DEBUG   | 2017-10-13 11:56:50,722 | mqtt_performance_tester.analyze_with_dup:180| --- TCP + TCP:MQTT size: 1152436
DEBUG   | 2017-10-13 11:56:50,722 | mqtt_performance_tester.analyze_with_dup:181| --- MQTT payload size:   620851
DEBUG   | 2017-10-13 11:56:50,722 | mqtt_performance_tester.analyze_with_dup:182| --- UPD packets size:    0
DEBUG   | 2017-10-13 11:56:50,722 | mqtt_performance_tester.analyze_with_dup:183| --- OTHERS packets size: 0
DEBUG   | 2017-10-13 11:56:50,722 | mqtt_performance_tester.analyze_with_dup:184| --- TCP+UDP+OTHER size:  1152436
DEBUG   | 2017-10-13 11:56:50,722 | mqtt_performance_tester.analyze_with_dup:185| --- TOTAL Frames size:   1868741
DEBUG   | 2017-10-13 11:56:50,722 | mqtt_performance_tester.analyze_with_dup:186| ---------------------------------------
INFO    | 2017-10-13 11:56:50,733 | mqtt_performance_tester.analyze_with_dup:268| [E2E Latency]  MIN: 6.9141387939453125e-06 AVG:0.31076562438280353 MAX:61.56547689437866
INFO    | 2017-10-13 11:56:50,733 | mqtt_performance_tester.analyze_with_dup:222| [TCP_OVERHEAD] TCP [523937] / TOTAL (TCP+MQTT)[1152436] = 0.454634 
INFO    | 2017-10-13 11:56:50,733 | mqtt_performance_tester.analyze_with_dup:223| [TCP_OVERHEAD] MQTT[620851] / TOTAL (TCP+MQTT)[1152436] = 0.538729 
INFO    | 2017-10-13 11:56:50,733 | mqtt_performance_tester.analyze_with_dup:210| [Packet  DROP] MQTT_PAYLOAD[620851] / TCP+MQTT_TCP[1152436]= 0.538729 
INFO    | 2017-10-13 11:56:50,833 |                                 __main__:63 | [-] Read File : ./data/mqtt_capture_qos_1_payload_1280_num_req_500.pcap
INFO    | 2017-10-13 11:56:50,836 |                                 __main__:72 | [-] |--- FileID : ./data/mqtt_capture_qos_1_payload_1280_num_req_500
INFO    | 2017-10-13 11:56:50,836 |                                 __main__:78 | [-] |--- QoS: 1
INFO    | 2017-10-13 11:56:50,836 |                                 __main__:79 | [-] |--- Payload: 1280
INFO    | 2017-10-13 11:56:50,836 |                                 __main__:80 | [-] |--- Iteration: 500
DEBUG   | 2017-10-13 11:56:55,082 | mqtt_performance_tester.analyze_with_dup:53 | Search data in 4501912 line of strings
DEBUG   | 2017-10-13 11:57:00,129 | mqtt_performance_tester.analyze_with_dup:68 | INCAPSULATION...
DEBUG   | 2017-10-13 11:57:00,297 | mqtt_performance_tester.analyze_with_dup:163| ---------------------------------------
DEBUG   | 2017-10-13 11:57:00,297 | mqtt_performance_tester.analyze_with_dup:164| Detected 2851 MQTT packets
DEBUG   | 2017-10-13 11:57:00,297 | mqtt_performance_tester.analyze_with_dup:165| ---------------------------------------
DEBUG   | 2017-10-13 11:57:00,297 | mqtt_performance_tester.analyze_with_dup:167| --- n. 436 of MQTT msg: Disconnect Req  
DEBUG   | 2017-10-13 11:57:00,298 | mqtt_performance_tester.analyze_with_dup:167| --- n. 500 of MQTT msg: Connect Command  
DEBUG   | 2017-10-13 11:57:00,298 | mqtt_performance_tester.analyze_with_dup:167| --- n. 575 of MQTT msg: Publish Ack  
DEBUG   | 2017-10-13 11:57:00,298 | mqtt_performance_tester.analyze_with_dup:167| --- n. 598 of MQTT msg: Publish Message  
DEBUG   | 2017-10-13 11:57:00,298 | mqtt_performance_tester.analyze_with_dup:167| --- n. 746 of MQTT msg: Connect Ack  
DEBUG   | 2017-10-13 11:57:00,298 | mqtt_performance_tester.analyze_with_dup:168| ---------------------------------------
DEBUG   | 2017-10-13 11:57:00,298 | mqtt_performance_tester.analyze_with_dup:169| --- 2851 TOTAL MQTT msg exchanged 
DEBUG   | 2017-10-13 11:57:00,298 | mqtt_performance_tester.analyze_with_dup:170| ---------------------------------------
DEBUG   | 2017-10-13 11:57:00,298 | mqtt_performance_tester.analyze_with_dup:171| --- Total Message:       34300
DEBUG   | 2017-10-13 11:57:00,298 | mqtt_performance_tester.analyze_with_dup:172| --- N.Frames:            34300 
DEBUG   | 2017-10-13 11:57:00,298 | mqtt_performance_tester.analyze_with_dup:173| --- TCP Message:         6643 
DEBUG   | 2017-10-13 11:57:00,298 | mqtt_performance_tester.analyze_with_dup:174| --- MQTT Message:        2851
DEBUG   | 2017-10-13 11:57:00,298 | mqtt_performance_tester.analyze_with_dup:175| --- UDP Message:         0
DEBUG   | 2017-10-13 11:57:00,298 | mqtt_performance_tester.analyze_with_dup:176| --- OTHER Message:       24807
DEBUG   | 2017-10-13 11:57:00,298 | mqtt_performance_tester.analyze_with_dup:177| ---------------------------------------
DEBUG   | 2017-10-13 11:57:00,298 | mqtt_performance_tester.analyze_with_dup:178| --- TCP  packets size:   1722988
DEBUG   | 2017-10-13 11:57:00,299 | mqtt_performance_tester.analyze_with_dup:179| --- MQTT TCP size:       797597
DEBUG   | 2017-10-13 11:57:00,299 | mqtt_performance_tester.analyze_with_dup:180| --- TCP + TCP:MQTT size: 2520585
DEBUG   | 2017-10-13 11:57:00,299 | mqtt_performance_tester.analyze_with_dup:181| --- MQTT payload size:   785347
DEBUG   | 2017-10-13 11:57:00,299 | mqtt_performance_tester.analyze_with_dup:182| --- UPD packets size:    0
DEBUG   | 2017-10-13 11:57:00,299 | mqtt_performance_tester.analyze_with_dup:183| --- OTHERS packets size: 0
DEBUG   | 2017-10-13 11:57:00,299 | mqtt_performance_tester.analyze_with_dup:184| --- TCP+UDP+OTHER size:  2520585
DEBUG   | 2017-10-13 11:57:00,299 | mqtt_performance_tester.analyze_with_dup:185| --- TOTAL Frames size:   3749000
DEBUG   | 2017-10-13 11:57:00,299 | mqtt_performance_tester.analyze_with_dup:186| ---------------------------------------
INFO    | 2017-10-13 11:57:00,318 | mqtt_performance_tester.analyze_with_dup:268| [E2E Latency]  MIN: 6.9141387939453125e-06 AVG:0.7852261447324986 MAX:89.0853979587555
INFO    | 2017-10-13 11:57:00,318 | mqtt_performance_tester.analyze_with_dup:222| [TCP_OVERHEAD] TCP [1722988] / TOTAL (TCP+MQTT)[2520585] = 0.683567 
INFO    | 2017-10-13 11:57:00,318 | mqtt_performance_tester.analyze_with_dup:223| [TCP_OVERHEAD] MQTT[785347] / TOTAL (TCP+MQTT)[2520585] = 0.311573 
INFO    | 2017-10-13 11:57:00,318 | mqtt_performance_tester.analyze_with_dup:210| [Packet  DROP] MQTT_PAYLOAD[785347] / TCP+MQTT_TCP[2520585]= 0.311573 
INFO    | 2017-10-13 11:57:00,471 |                                 __main__:63 | [-] Read File : ./data/mqtt_capture_qos_1_payload_128_num_req_500.pcap
INFO    | 2017-10-13 11:57:00,471 |                                 __main__:72 | [-] |--- FileID : ./data/mqtt_capture_qos_1_payload_128_num_req_500
INFO    | 2017-10-13 11:57:00,473 |                                 __main__:78 | [-] |--- QoS: 1
INFO    | 2017-10-13 11:57:00,474 |                                 __main__:79 | [-] |--- Payload: 128
INFO    | 2017-10-13 11:57:00,474 |                                 __main__:80 | [-] |--- Iteration: 500
DEBUG   | 2017-10-13 11:57:02,183 | mqtt_performance_tester.analyze_with_dup:53 | Search data in 2000753 line of strings
DEBUG   | 2017-10-13 11:57:02,805 | mqtt_performance_tester.analyze_with_dup:68 | INCAPSULATION...
DEBUG   | 2017-10-13 11:57:04,263 | mqtt_performance_tester.analyze_with_dup:163| ---------------------------------------
DEBUG   | 2017-10-13 11:57:04,263 | mqtt_performance_tester.analyze_with_dup:164| Detected 2606 MQTT packets
DEBUG   | 2017-10-13 11:57:04,263 | mqtt_performance_tester.analyze_with_dup:165| ---------------------------------------
DEBUG   | 2017-10-13 11:57:04,263 | mqtt_performance_tester.analyze_with_dup:167| --- n. 499 of MQTT msg: Disconnect Req  
DEBUG   | 2017-10-13 11:57:04,263 | mqtt_performance_tester.analyze_with_dup:167| --- n. 500 of MQTT msg: Connect Command  
DEBUG   | 2017-10-13 11:57:04,263 | mqtt_performance_tester.analyze_with_dup:167| --- n. 552 of MQTT msg: Publish Ack  
DEBUG   | 2017-10-13 11:57:04,263 | mqtt_performance_tester.analyze_with_dup:167| --- n. 506 of MQTT msg: Publish Message  
DEBUG   | 2017-10-13 11:57:04,263 | mqtt_performance_tester.analyze_with_dup:167| --- n. 549 of MQTT msg: Connect Ack  
DEBUG   | 2017-10-13 11:57:04,263 | mqtt_performance_tester.analyze_with_dup:168| ---------------------------------------
DEBUG   | 2017-10-13 11:57:04,264 | mqtt_performance_tester.analyze_with_dup:169| --- 2606 TOTAL MQTT msg exchanged 
DEBUG   | 2017-10-13 11:57:04,264 | mqtt_performance_tester.analyze_with_dup:170| ---------------------------------------
DEBUG   | 2017-10-13 11:57:04,264 | mqtt_performance_tester.analyze_with_dup:171| --- Total Message:       12321
DEBUG   | 2017-10-13 11:57:04,264 | mqtt_performance_tester.analyze_with_dup:172| --- N.Frames:            12321 
DEBUG   | 2017-10-13 11:57:04,264 | mqtt_performance_tester.analyze_with_dup:173| --- TCP Message:         5255 
DEBUG   | 2017-10-13 11:57:04,264 | mqtt_performance_tester.analyze_with_dup:174| --- MQTT Message:        2606
DEBUG   | 2017-10-13 11:57:04,264 | mqtt_performance_tester.analyze_with_dup:175| --- UDP Message:         0
DEBUG   | 2017-10-13 11:57:04,264 | mqtt_performance_tester.analyze_with_dup:176| --- OTHER Message:       4461
DEBUG   | 2017-10-13 11:57:04,264 | mqtt_performance_tester.analyze_with_dup:177| ---------------------------------------
DEBUG   | 2017-10-13 11:57:04,264 | mqtt_performance_tester.analyze_with_dup:178| --- TCP  packets size:   39958
DEBUG   | 2017-10-13 11:57:04,264 | mqtt_performance_tester.analyze_with_dup:179| --- MQTT TCP size:       94423
DEBUG   | 2017-10-13 11:57:04,264 | mqtt_performance_tester.analyze_with_dup:180| --- TCP + TCP:MQTT size: 134381
DEBUG   | 2017-10-13 11:57:04,264 | mqtt_performance_tester.analyze_with_dup:181| --- MQTT payload size:   88421
DEBUG   | 2017-10-13 11:57:04,264 | mqtt_performance_tester.analyze_with_dup:182| --- UPD packets size:    0
DEBUG   | 2017-10-13 11:57:04,264 | mqtt_performance_tester.analyze_with_dup:183| --- OTHERS packets size: 0
DEBUG   | 2017-10-13 11:57:04,265 | mqtt_performance_tester.analyze_with_dup:184| --- TCP+UDP+OTHER size:  134381
DEBUG   | 2017-10-13 11:57:04,265 | mqtt_performance_tester.analyze_with_dup:185| --- TOTAL Frames size:   684418
DEBUG   | 2017-10-13 11:57:04,265 | mqtt_performance_tester.analyze_with_dup:186| ---------------------------------------
INFO    | 2017-10-13 11:57:04,277 | mqtt_performance_tester.analyze_with_dup:268| [E2E Latency]  MIN: 1.3828277587890625e-05 AVG:0.1963887503796496 MAX:59.67828011512756
INFO    | 2017-10-13 11:57:04,277 | mqtt_performance_tester.analyze_with_dup:222| [TCP_OVERHEAD] TCP [39958] / TOTAL (TCP+MQTT)[134381] = 0.297349 
INFO    | 2017-10-13 11:57:04,277 | mqtt_performance_tester.analyze_with_dup:223| [TCP_OVERHEAD] MQTT[88421] / TOTAL (TCP+MQTT)[134381] = 0.657987 
INFO    | 2017-10-13 11:57:04,277 | mqtt_performance_tester.analyze_with_dup:210| [Packet  DROP] MQTT_PAYLOAD[88421] / TCP+MQTT_TCP[134381]= 0.657987 
INFO    | 2017-10-13 11:57:04,360 |                                 __main__:63 | [-] Read File : ./data/mqtt_capture_qos_1_payload_256_num_req_500.pcap
DEBUG   | 2017-10-13 11:57:04,362 |         mqtt_performance_tester.commands:71 | Execute TSHARK to dissect as JSON file
DEBUG   | 2017-10-13 11:57:08,090 |         mqtt_performance_tester.commands:75 | Dissect PCAP as JSON using this command: tshark -r ./data/mqtt_capture_qos_1_payload_256_num_req_500.pcap -l -n -x -T json > ./data/mqtt_capture_qos_1_payload_256_num_req_500.json
INFO    | 2017-10-13 11:57:08,090 |                                 __main__:72 | [-] |--- FileID : ./data/mqtt_capture_qos_1_payload_256_num_req_500
INFO    | 2017-10-13 11:57:08,094 |                                 __main__:78 | [-] |--- QoS: 1
INFO    | 2017-10-13 11:57:08,094 |                                 __main__:79 | [-] |--- Payload: 256
INFO    | 2017-10-13 11:57:08,095 |                                 __main__:80 | [-] |--- Iteration: 500
DEBUG   | 2017-10-13 11:57:09,834 | mqtt_performance_tester.analyze_with_dup:53 | Search data in 2132319 line of strings
DEBUG   | 2017-10-13 11:57:09,932 | mqtt_performance_tester.analyze_with_dup:68 | INCAPSULATION...
DEBUG   | 2017-10-13 11:57:11,369 | mqtt_performance_tester.analyze_with_dup:68 | INCAPSULATION...
DEBUG   | 2017-10-13 11:57:12,190 | mqtt_performance_tester.analyze_with_dup:163| ---------------------------------------
DEBUG   | 2017-10-13 11:57:12,190 | mqtt_performance_tester.analyze_with_dup:164| Detected 2678 MQTT packets
DEBUG   | 2017-10-13 11:57:12,190 | mqtt_performance_tester.analyze_with_dup:165| ---------------------------------------
DEBUG   | 2017-10-13 11:57:12,190 | mqtt_performance_tester.analyze_with_dup:167| --- n. 499 of MQTT msg: Disconnect Req  
DEBUG   | 2017-10-13 11:57:12,190 | mqtt_performance_tester.analyze_with_dup:167| --- n. 500 of MQTT msg: Connect Command  
DEBUG   | 2017-10-13 11:57:12,190 | mqtt_performance_tester.analyze_with_dup:167| --- n. 559 of MQTT msg: Publish Ack  
DEBUG   | 2017-10-13 11:57:12,190 | mqtt_performance_tester.analyze_with_dup:167| --- n. 509 of MQTT msg: Publish Message  
DEBUG   | 2017-10-13 11:57:12,190 | mqtt_performance_tester.analyze_with_dup:167| --- n. 611 of MQTT msg: Connect Ack  
DEBUG   | 2017-10-13 11:57:12,190 | mqtt_performance_tester.analyze_with_dup:168| ---------------------------------------
DEBUG   | 2017-10-13 11:57:12,190 | mqtt_performance_tester.analyze_with_dup:169| --- 2678 TOTAL MQTT msg exchanged 
DEBUG   | 2017-10-13 11:57:12,190 | mqtt_performance_tester.analyze_with_dup:170| ---------------------------------------
DEBUG   | 2017-10-13 11:57:12,191 | mqtt_performance_tester.analyze_with_dup:171| --- Total Message:       13279
DEBUG   | 2017-10-13 11:57:12,191 | mqtt_performance_tester.analyze_with_dup:172| --- N.Frames:            13279 
DEBUG   | 2017-10-13 11:57:12,191 | mqtt_performance_tester.analyze_with_dup:173| --- TCP Message:         5502 
DEBUG   | 2017-10-13 11:57:12,191 | mqtt_performance_tester.analyze_with_dup:174| --- MQTT Message:        2678
DEBUG   | 2017-10-13 11:57:12,191 | mqtt_performance_tester.analyze_with_dup:175| --- UDP Message:         0
DEBUG   | 2017-10-13 11:57:12,191 | mqtt_performance_tester.analyze_with_dup:176| --- OTHER Message:       5101
DEBUG   | 2017-10-13 11:57:12,191 | mqtt_performance_tester.analyze_with_dup:177| ---------------------------------------
DEBUG   | 2017-10-13 11:57:12,191 | mqtt_performance_tester.analyze_with_dup:178| --- TCP  packets size:   96200
DEBUG   | 2017-10-13 11:57:12,191 | mqtt_performance_tester.analyze_with_dup:179| --- MQTT TCP size:       161188
DEBUG   | 2017-10-13 11:57:12,191 | mqtt_performance_tester.analyze_with_dup:180| --- TCP + TCP:MQTT size: 257388
DEBUG   | 2017-10-13 11:57:12,191 | mqtt_performance_tester.analyze_with_dup:181| --- MQTT payload size:   154243
DEBUG   | 2017-10-13 11:57:12,191 | mqtt_performance_tester.analyze_with_dup:182| --- UPD packets size:    0
DEBUG   | 2017-10-13 11:57:12,191 | mqtt_performance_tester.analyze_with_dup:183| --- OTHERS packets size: 0
DEBUG   | 2017-10-13 11:57:12,191 | mqtt_performance_tester.analyze_with_dup:184| --- TCP+UDP+OTHER size:  257388
DEBUG   | 2017-10-13 11:57:12,191 | mqtt_performance_tester.analyze_with_dup:185| --- TOTAL Frames size:   842413
DEBUG   | 2017-10-13 11:57:12,192 | mqtt_performance_tester.analyze_with_dup:186| ---------------------------------------
INFO    | 2017-10-13 11:57:12,201 | mqtt_performance_tester.analyze_with_dup:268| [E2E Latency]  MIN: 0.6926608085632324 AVG:0.2548147828508132 MAX:60.543395042419434
INFO    | 2017-10-13 11:57:12,201 | mqtt_performance_tester.analyze_with_dup:222| [TCP_OVERHEAD] TCP [96200] / TOTAL (TCP+MQTT)[257388] = 0.373755 
INFO    | 2017-10-13 11:57:12,201 | mqtt_performance_tester.analyze_with_dup:223| [TCP_OVERHEAD] MQTT[154243] / TOTAL (TCP+MQTT)[257388] = 0.599263 
INFO    | 2017-10-13 11:57:12,201 | mqtt_performance_tester.analyze_with_dup:210| [Packet  DROP] MQTT_PAYLOAD[154243] / TCP+MQTT_TCP[257388]= 0.599263 
INFO    | 2017-10-13 11:57:12,279 |                                 __main__:63 | [-] Read File : ./data/mqtt_capture_qos_1_payload_512_num_req_500.pcap
DEBUG   | 2017-10-13 11:57:12,281 |         mqtt_performance_tester.commands:71 | Execute TSHARK to dissect as JSON file
DEBUG   | 2017-10-13 11:57:16,499 |         mqtt_performance_tester.commands:75 | Dissect PCAP as JSON using this command: tshark -r ./data/mqtt_capture_qos_1_payload_512_num_req_500.pcap -l -n -x -T json > ./data/mqtt_capture_qos_1_payload_512_num_req_500.json
INFO    | 2017-10-13 11:57:16,499 |                                 __main__:72 | [-] |--- FileID : ./data/mqtt_capture_qos_1_payload_512_num_req_500
INFO    | 2017-10-13 11:57:16,501 |                                 __main__:78 | [-] |--- QoS: 1
INFO    | 2017-10-13 11:57:16,501 |                                 __main__:79 | [-] |--- Payload: 512
INFO    | 2017-10-13 11:57:16,502 |                                 __main__:80 | [-] |--- Iteration: 500
DEBUG   | 2017-10-13 11:57:18,605 | mqtt_performance_tester.analyze_with_dup:53 | Search data in 2525552 line of strings
DEBUG   | 2017-10-13 11:57:18,877 | mqtt_performance_tester.analyze_with_dup:68 | INCAPSULATION...
DEBUG   | 2017-10-13 11:57:18,880 | mqtt_performance_tester.analyze_with_dup:68 | INCAPSULATION...
DEBUG   | 2017-10-13 11:57:19,251 | mqtt_performance_tester.analyze_with_dup:68 | INCAPSULATION...
DEBUG   | 2017-10-13 11:57:19,811 | mqtt_performance_tester.analyze_with_dup:68 | INCAPSULATION...
DEBUG   | 2017-10-13 11:57:21,339 | mqtt_performance_tester.analyze_with_dup:163| ---------------------------------------
DEBUG   | 2017-10-13 11:57:21,339 | mqtt_performance_tester.analyze_with_dup:164| Detected 2746 MQTT packets
DEBUG   | 2017-10-13 11:57:21,339 | mqtt_performance_tester.analyze_with_dup:165| ---------------------------------------
DEBUG   | 2017-10-13 11:57:21,339 | mqtt_performance_tester.analyze_with_dup:167| --- n. 492 of MQTT msg: Disconnect Req  
DEBUG   | 2017-10-13 11:57:21,339 | mqtt_performance_tester.analyze_with_dup:167| --- n. 500 of MQTT msg: Connect Command  
DEBUG   | 2017-10-13 11:57:21,339 | mqtt_performance_tester.analyze_with_dup:167| --- n. 568 of MQTT msg: Publish Ack  
DEBUG   | 2017-10-13 11:57:21,339 | mqtt_performance_tester.analyze_with_dup:167| --- n. 518 of MQTT msg: Publish Message  
DEBUG   | 2017-10-13 11:57:21,339 | mqtt_performance_tester.analyze_with_dup:167| --- n. 668 of MQTT msg: Connect Ack  
DEBUG   | 2017-10-13 11:57:21,339 | mqtt_performance_tester.analyze_with_dup:168| ---------------------------------------
DEBUG   | 2017-10-13 11:57:21,340 | mqtt_performance_tester.analyze_with_dup:169| --- 2746 TOTAL MQTT msg exchanged 
DEBUG   | 2017-10-13 11:57:21,340 | mqtt_performance_tester.analyze_with_dup:170| ---------------------------------------
DEBUG   | 2017-10-13 11:57:21,340 | mqtt_performance_tester.analyze_with_dup:171| --- Total Message:       16569
DEBUG   | 2017-10-13 11:57:21,340 | mqtt_performance_tester.analyze_with_dup:172| --- N.Frames:            16569 
DEBUG   | 2017-10-13 11:57:21,340 | mqtt_performance_tester.analyze_with_dup:173| --- TCP Message:         5876 
DEBUG   | 2017-10-13 11:57:21,340 | mqtt_performance_tester.analyze_with_dup:174| --- MQTT Message:        2746
DEBUG   | 2017-10-13 11:57:21,340 | mqtt_performance_tester.analyze_with_dup:175| --- UDP Message:         0
DEBUG   | 2017-10-13 11:57:21,340 | mqtt_performance_tester.analyze_with_dup:176| --- OTHER Message:       7951
DEBUG   | 2017-10-13 11:57:21,340 | mqtt_performance_tester.analyze_with_dup:177| ---------------------------------------
DEBUG   | 2017-10-13 11:57:21,340 | mqtt_performance_tester.analyze_with_dup:178| --- TCP  packets size:   294897
DEBUG   | 2017-10-13 11:57:21,340 | mqtt_performance_tester.analyze_with_dup:179| --- MQTT TCP size:       298741
DEBUG   | 2017-10-13 11:57:21,340 | mqtt_performance_tester.analyze_with_dup:180| --- TCP + TCP:MQTT size: 593638
DEBUG   | 2017-10-13 11:57:21,340 | mqtt_performance_tester.analyze_with_dup:181| --- MQTT payload size:   289171
DEBUG   | 2017-10-13 11:57:21,340 | mqtt_performance_tester.analyze_with_dup:182| --- UPD packets size:    0
DEBUG   | 2017-10-13 11:57:21,341 | mqtt_performance_tester.analyze_with_dup:183| --- OTHERS packets size: 0
DEBUG   | 2017-10-13 11:57:21,341 | mqtt_performance_tester.analyze_with_dup:184| --- TCP+UDP+OTHER size:  593638
DEBUG   | 2017-10-13 11:57:21,341 | mqtt_performance_tester.analyze_with_dup:185| --- TOTAL Frames size:   1282945
DEBUG   | 2017-10-13 11:57:21,341 | mqtt_performance_tester.analyze_with_dup:186| ---------------------------------------
INFO    | 2017-10-13 11:57:21,351 | mqtt_performance_tester.analyze_with_dup:268| [E2E Latency]  MIN: 1.4781951904296875e-05 AVG:0.3962351066217745 MAX:73.18590593338013
INFO    | 2017-10-13 11:57:21,351 | mqtt_performance_tester.analyze_with_dup:222| [TCP_OVERHEAD] TCP [294897] / TOTAL (TCP+MQTT)[593638] = 0.496762 
INFO    | 2017-10-13 11:57:21,351 | mqtt_performance_tester.analyze_with_dup:223| [TCP_OVERHEAD] MQTT[289171] / TOTAL (TCP+MQTT)[593638] = 0.487117 
INFO    | 2017-10-13 11:57:21,351 | mqtt_performance_tester.analyze_with_dup:210| [Packet  DROP] MQTT_PAYLOAD[289171] / TCP+MQTT_TCP[593638]= 0.487117 
INFO    | 2017-10-13 11:57:21,446 |                                 __main__:63 | [-] Read File : ./data/mqtt_capture_qos_2_payload_1024_num_req_500.pcap
DEBUG   | 2017-10-13 11:57:21,448 |         mqtt_performance_tester.commands:71 | Execute TSHARK to dissect as JSON file
DEBUG   | 2017-10-13 11:57:25,488 |         mqtt_performance_tester.commands:75 | Dissect PCAP as JSON using this command: tshark -r ./data/mqtt_capture_qos_2_payload_1024_num_req_500.pcap -l -n -x -T json > ./data/mqtt_capture_qos_2_payload_1024_num_req_500.json
INFO    | 2017-10-13 11:57:25,488 |                                 __main__:72 | [-] |--- FileID : ./data/mqtt_capture_qos_2_payload_1024_num_req_500
INFO    | 2017-10-13 11:57:25,490 |                                 __main__:78 | [-] |--- QoS: 2
INFO    | 2017-10-13 11:57:25,491 |                                 __main__:79 | [-] |--- Payload: 1024
INFO    | 2017-10-13 11:57:25,491 |                                 __main__:80 | [-] |--- Iteration: 500
DEBUG   | 2017-10-13 11:57:27,285 | mqtt_performance_tester.analyze_with_dup:53 | Search data in 2054850 line of strings
DEBUG   | 2017-10-13 11:57:27,306 | mqtt_performance_tester.analyze_with_dup:68 | INCAPSULATION...
DEBUG   | 2017-10-13 11:57:27,311 | mqtt_performance_tester.analyze_with_dup:68 | INCAPSULATION...
DEBUG   | 2017-10-13 11:57:27,311 | mqtt_performance_tester.analyze_with_dup:68 | INCAPSULATION...
DEBUG   | 2017-10-13 11:57:27,311 | mqtt_performance_tester.analyze_with_dup:68 | INCAPSULATION...
DEBUG   | 2017-10-13 11:57:27,311 | mqtt_performance_tester.analyze_with_dup:68 | INCAPSULATION...
DEBUG   | 2017-10-13 11:57:27,385 | mqtt_performance_tester.analyze_with_dup:68 | INCAPSULATION...
DEBUG   | 2017-10-13 11:57:27,385 | mqtt_performance_tester.analyze_with_dup:68 | INCAPSULATION...
DEBUG   | 2017-10-13 11:57:27,387 | mqtt_performance_tester.analyze_with_dup:68 | INCAPSULATION...
DEBUG   | 2017-10-13 11:57:27,387 | mqtt_performance_tester.analyze_with_dup:68 | INCAPSULATION...
DEBUG   | 2017-10-13 11:57:27,387 | mqtt_performance_tester.analyze_with_dup:68 | INCAPSULATION...
DEBUG   | 2017-10-13 11:57:27,770 | mqtt_performance_tester.analyze_with_dup:68 | INCAPSULATION...
DEBUG   | 2017-10-13 11:57:27,951 | mqtt_performance_tester.analyze_with_dup:68 | INCAPSULATION...
DEBUG   | 2017-10-13 11:57:28,063 | mqtt_performance_tester.analyze_with_dup:68 | INCAPSULATION...
DEBUG   | 2017-10-13 11:57:28,119 | mqtt_performance_tester.analyze_with_dup:68 | INCAPSULATION...
DEBUG   | 2017-10-13 11:57:28,229 | mqtt_performance_tester.analyze_with_dup:68 | INCAPSULATION...
DEBUG   | 2017-10-13 11:57:28,231 | mqtt_performance_tester.analyze_with_dup:68 | INCAPSULATION...
DEBUG   | 2017-10-13 11:57:28,294 | mqtt_performance_tester.analyze_with_dup:68 | INCAPSULATION...
DEBUG   | 2017-10-13 11:57:28,296 | mqtt_performance_tester.analyze_with_dup:68 | INCAPSULATION...
DEBUG   | 2017-10-13 11:57:28,296 | mqtt_performance_tester.analyze_with_dup:68 | INCAPSULATION...
DEBUG   | 2017-10-13 11:57:28,375 | mqtt_performance_tester.analyze_with_dup:68 | INCAPSULATION...
DEBUG   | 2017-10-13 11:57:28,432 | mqtt_performance_tester.analyze_with_dup:68 | INCAPSULATION...
DEBUG   | 2017-10-13 11:57:28,576 | mqtt_performance_tester.analyze_with_dup:68 | INCAPSULATION...
DEBUG   | 2017-10-13 11:57:28,622 | mqtt_performance_tester.analyze_with_dup:68 | INCAPSULATION...
DEBUG   | 2017-10-13 11:57:28,622 | mqtt_performance_tester.analyze_with_dup:68 | INCAPSULATION...
DEBUG   | 2017-10-13 11:57:28,625 | mqtt_performance_tester.analyze_with_dup:68 | INCAPSULATION...
DEBUG   | 2017-10-13 11:57:28,625 | mqtt_performance_tester.analyze_with_dup:68 | INCAPSULATION...
DEBUG   | 2017-10-13 11:57:28,626 | mqtt_performance_tester.analyze_with_dup:68 | INCAPSULATION...
DEBUG   | 2017-10-13 11:57:28,803 | mqtt_performance_tester.analyze_with_dup:68 | INCAPSULATION...
DEBUG   | 2017-10-13 11:57:28,998 | mqtt_performance_tester.analyze_with_dup:68 | INCAPSULATION...
DEBUG   | 2017-10-13 11:57:29,038 | mqtt_performance_tester.analyze_with_dup:68 | INCAPSULATION...
DEBUG   | 2017-10-13 11:57:29,042 | mqtt_performance_tester.analyze_with_dup:68 | INCAPSULATION...
DEBUG   | 2017-10-13 11:57:29,042 | mqtt_performance_tester.analyze_with_dup:68 | INCAPSULATION...
DEBUG   | 2017-10-13 11:57:29,042 | mqtt_performance_tester.analyze_with_dup:68 | INCAPSULATION...
DEBUG   | 2017-10-13 11:57:29,043 | mqtt_performance_tester.analyze_with_dup:68 | INCAPSULATION...
DEBUG   | 2017-10-13 11:57:29,044 | mqtt_performance_tester.analyze_with_dup:68 | INCAPSULATION...
DEBUG   | 2017-10-13 11:57:29,044 | mqtt_performance_tester.analyze_with_dup:68 | INCAPSULATION...
DEBUG   | 2017-10-13 11:57:29,044 | mqtt_performance_tester.analyze_with_dup:68 | INCAPSULATION...
DEBUG   | 2017-10-13 11:57:29,687 | mqtt_performance_tester.analyze_with_dup:68 | INCAPSULATION...
DEBUG   | 2017-10-13 11:57:29,715 | mqtt_performance_tester.analyze_with_dup:163| ---------------------------------------
DEBUG   | 2017-10-13 11:57:29,716 | mqtt_performance_tester.analyze_with_dup:164| Detected 4022 MQTT packets
DEBUG   | 2017-10-13 11:57:29,716 | mqtt_performance_tester.analyze_with_dup:165| ---------------------------------------
DEBUG   | 2017-10-13 11:57:29,716 | mqtt_performance_tester.analyze_with_dup:167| --- n. 500 of MQTT msg: Connect Command  
DEBUG   | 2017-10-13 11:57:29,716 | mqtt_performance_tester.analyze_with_dup:167| --- n. 556 of MQTT msg: Publish Release  
DEBUG   | 2017-10-13 11:57:29,716 | mqtt_performance_tester.analyze_with_dup:167| --- n. 588 of MQTT msg: Publish Complete  
DEBUG   | 2017-10-13 11:57:29,716 | mqtt_performance_tester.analyze_with_dup:167| --- n. 557 of MQTT msg: Publish Message  
DEBUG   | 2017-10-13 11:57:29,716 | mqtt_performance_tester.analyze_with_dup:167| --- n. 762 of MQTT msg: Connect Ack  
DEBUG   | 2017-10-13 11:57:29,716 | mqtt_performance_tester.analyze_with_dup:167| --- n. 485 of MQTT msg: Disconnect Req  
DEBUG   | 2017-10-13 11:57:29,716 | mqtt_performance_tester.analyze_with_dup:167| --- n. 582 of MQTT msg: Publish Received  
DEBUG   | 2017-10-13 11:57:29,716 | mqtt_performance_tester.analyze_with_dup:168| ---------------------------------------
DEBUG   | 2017-10-13 11:57:29,716 | mqtt_performance_tester.analyze_with_dup:169| --- 4022 TOTAL MQTT msg exchanged 
DEBUG   | 2017-10-13 11:57:29,716 | mqtt_performance_tester.analyze_with_dup:170| ---------------------------------------
DEBUG   | 2017-10-13 11:57:29,717 | mqtt_performance_tester.analyze_with_dup:171| --- Total Message:       10505
DEBUG   | 2017-10-13 11:57:29,717 | mqtt_performance_tester.analyze_with_dup:172| --- N.Frames:            10505 
DEBUG   | 2017-10-13 11:57:29,717 | mqtt_performance_tester.analyze_with_dup:173| --- TCP Message:         6521 
DEBUG   | 2017-10-13 11:57:29,717 | mqtt_performance_tester.analyze_with_dup:174| --- MQTT Message:        4022
DEBUG   | 2017-10-13 11:57:29,717 | mqtt_performance_tester.analyze_with_dup:175| --- UDP Message:         0
DEBUG   | 2017-10-13 11:57:29,717 | mqtt_performance_tester.analyze_with_dup:176| --- OTHER Message:       0
DEBUG   | 2017-10-13 11:57:29,717 | mqtt_performance_tester.analyze_with_dup:177| ---------------------------------------
DEBUG   | 2017-10-13 11:57:29,717 | mqtt_performance_tester.analyze_with_dup:178| --- TCP  packets size:   930364
DEBUG   | 2017-10-13 11:57:29,718 | mqtt_performance_tester.analyze_with_dup:179| --- MQTT TCP size:       609222
DEBUG   | 2017-10-13 11:57:29,718 | mqtt_performance_tester.analyze_with_dup:180| --- TCP + TCP:MQTT size: 1539586
DEBUG   | 2017-10-13 11:57:29,718 | mqtt_performance_tester.analyze_with_dup:181| --- MQTT payload size:   594118
DEBUG   | 2017-10-13 11:57:29,718 | mqtt_performance_tester.analyze_with_dup:182| --- UPD packets size:    0
DEBUG   | 2017-10-13 11:57:29,718 | mqtt_performance_tester.analyze_with_dup:183| --- OTHERS packets size: 0
DEBUG   | 2017-10-13 11:57:29,718 | mqtt_performance_tester.analyze_with_dup:184| --- TCP+UDP+OTHER size:  1539586
DEBUG   | 2017-10-13 11:57:29,718 | mqtt_performance_tester.analyze_with_dup:185| --- TOTAL Frames size:   2098450
DEBUG   | 2017-10-13 11:57:29,718 | mqtt_performance_tester.analyze_with_dup:186| ---------------------------------------
INFO    | 2017-10-13 11:57:29,728 | mqtt_performance_tester.analyze_with_dup:268| [E2E Latency]  MIN: 1.6221299171447754 AVG:0.545118031600087 MAX:76.41601705551147
INFO    | 2017-10-13 11:57:29,728 | mqtt_performance_tester.analyze_with_dup:222| [TCP_OVERHEAD] TCP [930364] / TOTAL (TCP+MQTT)[1539586] = 0.604295 
INFO    | 2017-10-13 11:57:29,728 | mqtt_performance_tester.analyze_with_dup:223| [TCP_OVERHEAD] MQTT[594118] / TOTAL (TCP+MQTT)[1539586] = 0.385895 
INFO    | 2017-10-13 11:57:29,729 | mqtt_performance_tester.analyze_with_dup:210| [Packet  DROP] MQTT_PAYLOAD[594118] / TCP+MQTT_TCP[1539586]= 0.385895 
INFO    | 2017-10-13 11:57:29,805 |                                 __main__:63 | [-] Read File : ./data/mqtt_capture_qos_2_payload_1152_num_req_500.pcap
DEBUG   | 2017-10-13 11:57:29,806 |         mqtt_performance_tester.commands:71 | Execute TSHARK to dissect as JSON file
DEBUG   | 2017-10-13 11:57:33,667 |         mqtt_performance_tester.commands:75 | Dissect PCAP as JSON using this command: tshark -r ./data/mqtt_capture_qos_2_payload_1152_num_req_500.pcap -l -n -x -T json > ./data/mqtt_capture_qos_2_payload_1152_num_req_500.json
INFO    | 2017-10-13 11:57:33,668 |                                 __main__:72 | [-] |--- FileID : ./data/mqtt_capture_qos_2_payload_1152_num_req_500
INFO    | 2017-10-13 11:57:33,672 |                                 __main__:78 | [-] |--- QoS: 2
INFO    | 2017-10-13 11:57:33,672 |                                 __main__:79 | [-] |--- Payload: 1152
INFO    | 2017-10-13 11:57:33,672 |                                 __main__:80 | [-] |--- Iteration: 500
DEBUG   | 2017-10-13 11:57:35,479 | mqtt_performance_tester.analyze_with_dup:53 | Search data in 1955314 line of strings
DEBUG   | 2017-10-13 11:57:36,274 | mqtt_performance_tester.analyze_with_dup:68 | INCAPSULATION...
DEBUG   | 2017-10-13 11:57:36,275 | mqtt_performance_tester.analyze_with_dup:68 | INCAPSULATION...
DEBUG   | 2017-10-13 11:57:36,277 | mqtt_performance_tester.analyze_with_dup:68 | INCAPSULATION...
DEBUG   | 2017-10-13 11:57:36,533 | mqtt_performance_tester.analyze_with_dup:68 | INCAPSULATION...
DEBUG   | 2017-10-13 11:57:36,534 | mqtt_performance_tester.analyze_with_dup:68 | INCAPSULATION...
DEBUG   | 2017-10-13 11:57:36,743 | mqtt_performance_tester.analyze_with_dup:68 | INCAPSULATION...
DEBUG   | 2017-10-13 11:57:36,747 | mqtt_performance_tester.analyze_with_dup:68 | INCAPSULATION...
DEBUG   | 2017-10-13 11:57:36,749 | mqtt_performance_tester.analyze_with_dup:68 | INCAPSULATION...
DEBUG   | 2017-10-13 11:57:36,749 | mqtt_performance_tester.analyze_with_dup:68 | INCAPSULATION...
DEBUG   | 2017-10-13 11:57:37,069 | mqtt_performance_tester.analyze_with_dup:68 | INCAPSULATION...
DEBUG   | 2017-10-13 11:57:37,072 | mqtt_performance_tester.analyze_with_dup:68 | INCAPSULATION...
DEBUG   | 2017-10-13 11:57:37,829 | mqtt_performance_tester.analyze_with_dup:163| ---------------------------------------
DEBUG   | 2017-10-13 11:57:37,829 | mqtt_performance_tester.analyze_with_dup:164| Detected 3939 MQTT packets
DEBUG   | 2017-10-13 11:57:37,829 | mqtt_performance_tester.analyze_with_dup:165| ---------------------------------------
DEBUG   | 2017-10-13 11:57:37,830 | mqtt_performance_tester.analyze_with_dup:167| --- n. 500 of MQTT msg: Connect Command  
DEBUG   | 2017-10-13 11:57:37,830 | mqtt_performance_tester.analyze_with_dup:167| --- n. 514 of MQTT msg: Publish Release  
DEBUG   | 2017-10-13 11:57:37,830 | mqtt_performance_tester.analyze_with_dup:167| --- n. 555 of MQTT msg: Publish Complete  
DEBUG   | 2017-10-13 11:57:37,830 | mqtt_performance_tester.analyze_with_dup:167| --- n. 519 of MQTT msg: Publish Message  
DEBUG   | 2017-10-13 11:57:37,830 | mqtt_performance_tester.analyze_with_dup:167| --- n. 811 of MQTT msg: Connect Ack  
DEBUG   | 2017-10-13 11:57:37,830 | mqtt_performance_tester.analyze_with_dup:167| --- n. 494 of MQTT msg: Disconnect Req  
DEBUG   | 2017-10-13 11:57:37,861 | mqtt_performance_tester.analyze_with_dup:167| --- n. 546 of MQTT msg: Publish Received  
DEBUG   | 2017-10-13 11:57:37,861 | mqtt_performance_tester.analyze_with_dup:168| ---------------------------------------
DEBUG   | 2017-10-13 11:57:37,861 | mqtt_performance_tester.analyze_with_dup:169| --- 3939 TOTAL MQTT msg exchanged 
DEBUG   | 2017-10-13 11:57:37,862 | mqtt_performance_tester.analyze_with_dup:170| ---------------------------------------
DEBUG   | 2017-10-13 11:57:37,862 | mqtt_performance_tester.analyze_with_dup:171| --- Total Message:       9986
DEBUG   | 2017-10-13 11:57:37,862 | mqtt_performance_tester.analyze_with_dup:172| --- N.Frames:            9986 
DEBUG   | 2017-10-13 11:57:37,862 | mqtt_performance_tester.analyze_with_dup:173| --- TCP Message:         6058 
DEBUG   | 2017-10-13 11:57:37,862 | mqtt_performance_tester.analyze_with_dup:174| --- MQTT Message:        3939
DEBUG   | 2017-10-13 11:57:37,862 | mqtt_performance_tester.analyze_with_dup:175| --- UDP Message:         0
DEBUG   | 2017-10-13 11:57:37,862 | mqtt_performance_tester.analyze_with_dup:176| --- OTHER Message:       0
DEBUG   | 2017-10-13 11:57:37,862 | mqtt_performance_tester.analyze_with_dup:177| ---------------------------------------
DEBUG   | 2017-10-13 11:57:37,862 | mqtt_performance_tester.analyze_with_dup:178| --- TCP  packets size:   506768
DEBUG   | 2017-10-13 11:57:37,862 | mqtt_performance_tester.analyze_with_dup:179| --- MQTT TCP size:       634138
DEBUG   | 2017-10-13 11:57:37,862 | mqtt_performance_tester.analyze_with_dup:180| --- TCP + TCP:MQTT size: 1140906
DEBUG   | 2017-10-13 11:57:37,862 | mqtt_performance_tester.analyze_with_dup:181| --- MQTT payload size:   622127
DEBUG   | 2017-10-13 11:57:37,862 | mqtt_performance_tester.analyze_with_dup:182| --- UPD packets size:    0
DEBUG   | 2017-10-13 11:57:37,863 | mqtt_performance_tester.analyze_with_dup:183| --- OTHERS packets size: 0
DEBUG   | 2017-10-13 11:57:37,863 | mqtt_performance_tester.analyze_with_dup:184| --- TCP+UDP+OTHER size:  1140906
DEBUG   | 2017-10-13 11:57:37,863 | mqtt_performance_tester.analyze_with_dup:185| --- TOTAL Frames size:   1675114
DEBUG   | 2017-10-13 11:57:37,863 | mqtt_performance_tester.analyze_with_dup:186| ---------------------------------------
INFO    | 2017-10-13 11:57:37,874 | mqtt_performance_tester.analyze_with_dup:268| [E2E Latency]  MIN: 1.7078700065612793 AVG:0.3476996800194868 MAX:33.43795299530029
INFO    | 2017-10-13 11:57:37,874 | mqtt_performance_tester.analyze_with_dup:222| [TCP_OVERHEAD] TCP [506768] / TOTAL (TCP+MQTT)[1140906] = 0.444180 
INFO    | 2017-10-13 11:57:37,874 | mqtt_performance_tester.analyze_with_dup:223| [TCP_OVERHEAD] MQTT[622127] / TOTAL (TCP+MQTT)[1140906] = 0.545292 
INFO    | 2017-10-13 11:57:37,874 | mqtt_performance_tester.analyze_with_dup:210| [Packet  DROP] MQTT_PAYLOAD[622127] / TCP+MQTT_TCP[1140906]= 0.545292 
INFO    | 2017-10-13 11:57:37,951 |                                 __main__:63 | [-] Read File : ./data/mqtt_capture_qos_2_payload_1280_num_req_500.pcap
DEBUG   | 2017-10-13 11:57:37,953 |         mqtt_performance_tester.commands:71 | Execute TSHARK to dissect as JSON file
DEBUG   | 2017-10-13 11:57:43,233 |         mqtt_performance_tester.commands:75 | Dissect PCAP as JSON using this command: tshark -r ./data/mqtt_capture_qos_2_payload_1280_num_req_500.pcap -l -n -x -T json > ./data/mqtt_capture_qos_2_payload_1280_num_req_500.json
INFO    | 2017-10-13 11:57:43,233 |                                 __main__:72 | [-] |--- FileID : ./data/mqtt_capture_qos_2_payload_1280_num_req_500
INFO    | 2017-10-13 11:57:43,237 |                                 __main__:78 | [-] |--- QoS: 2
INFO    | 2017-10-13 11:57:43,237 |                                 __main__:79 | [-] |--- Payload: 1280
INFO    | 2017-10-13 11:57:43,237 |                                 __main__:80 | [-] |--- Iteration: 500
DEBUG   | 2017-10-13 11:57:45,294 | mqtt_performance_tester.analyze_with_dup:53 | Search data in 2100986 line of strings
DEBUG   | 2017-10-13 11:57:45,307 | mqtt_performance_tester.analyze_with_dup:68 | INCAPSULATION...
DEBUG   | 2017-10-13 11:57:45,310 | mqtt_performance_tester.analyze_with_dup:68 | INCAPSULATION...
DEBUG   | 2017-10-13 11:57:45,310 | mqtt_performance_tester.analyze_with_dup:68 | INCAPSULATION...
DEBUG   | 2017-10-13 11:57:45,313 | mqtt_performance_tester.analyze_with_dup:68 | INCAPSULATION...
DEBUG   | 2017-10-13 11:57:45,313 | mqtt_performance_tester.analyze_with_dup:68 | INCAPSULATION...
DEBUG   | 2017-10-13 11:57:45,314 | mqtt_performance_tester.analyze_with_dup:68 | INCAPSULATION...
DEBUG   | 2017-10-13 11:57:45,314 | mqtt_performance_tester.analyze_with_dup:68 | INCAPSULATION...
DEBUG   | 2017-10-13 11:57:45,314 | mqtt_performance_tester.analyze_with_dup:68 | INCAPSULATION...
DEBUG   | 2017-10-13 11:57:45,698 | mqtt_performance_tester.analyze_with_dup:68 | INCAPSULATION...
DEBUG   | 2017-10-13 11:57:45,811 | mqtt_performance_tester.analyze_with_dup:68 | INCAPSULATION...
DEBUG   | 2017-10-13 11:57:45,880 | mqtt_performance_tester.analyze_with_dup:68 | INCAPSULATION...
DEBUG   | 2017-10-13 11:57:45,880 | mqtt_performance_tester.analyze_with_dup:68 | INCAPSULATION...
DEBUG   | 2017-10-13 11:57:45,880 | mqtt_performance_tester.analyze_with_dup:68 | INCAPSULATION...
DEBUG   | 2017-10-13 11:57:45,880 | mqtt_performance_tester.analyze_with_dup:68 | INCAPSULATION...
DEBUG   | 2017-10-13 11:57:46,375 | mqtt_performance_tester.analyze_with_dup:68 | INCAPSULATION...
DEBUG   | 2017-10-13 11:57:46,375 | mqtt_performance_tester.analyze_with_dup:68 | INCAPSULATION...
DEBUG   | 2017-10-13 11:57:46,375 | mqtt_performance_tester.analyze_with_dup:68 | INCAPSULATION...
DEBUG   | 2017-10-13 11:57:47,086 | mqtt_performance_tester.analyze_with_dup:68 | INCAPSULATION...
DEBUG   | 2017-10-13 11:57:47,086 | mqtt_performance_tester.analyze_with_dup:68 | INCAPSULATION...
DEBUG   | 2017-10-13 11:57:47,086 | mqtt_performance_tester.analyze_with_dup:68 | INCAPSULATION...
DEBUG   | 2017-10-13 11:57:47,086 | mqtt_performance_tester.analyze_with_dup:68 | INCAPSULATION...
DEBUG   | 2017-10-13 11:57:47,175 | mqtt_performance_tester.analyze_with_dup:68 | INCAPSULATION...
DEBUG   | 2017-10-13 11:57:47,526 | mqtt_performance_tester.analyze_with_dup:68 | INCAPSULATION...
DEBUG   | 2017-10-13 11:57:47,527 | mqtt_performance_tester.analyze_with_dup:68 | INCAPSULATION...
DEBUG   | 2017-10-13 11:57:47,527 | mqtt_performance_tester.analyze_with_dup:68 | INCAPSULATION...
DEBUG   | 2017-10-13 11:57:47,594 | mqtt_performance_tester.analyze_with_dup:68 | INCAPSULATION...
DEBUG   | 2017-10-13 11:57:47,594 | mqtt_performance_tester.analyze_with_dup:68 | INCAPSULATION...
DEBUG   | 2017-10-13 11:57:47,594 | mqtt_performance_tester.analyze_with_dup:68 | INCAPSULATION...
DEBUG   | 2017-10-13 11:57:47,602 | mqtt_performance_tester.analyze_with_dup:68 | INCAPSULATION...
DEBUG   | 2017-10-13 11:57:47,602 | mqtt_performance_tester.analyze_with_dup:68 | INCAPSULATION...
DEBUG   | 2017-10-13 11:57:47,602 | mqtt_performance_tester.analyze_with_dup:68 | INCAPSULATION...
DEBUG   | 2017-10-13 11:57:47,709 | mqtt_performance_tester.analyze_with_dup:68 | INCAPSULATION...
DEBUG   | 2017-10-13 11:57:47,709 | mqtt_performance_tester.analyze_with_dup:68 | INCAPSULATION...
DEBUG   | 2017-10-13 11:57:47,900 | mqtt_performance_tester.analyze_with_dup:68 | INCAPSULATION...
DEBUG   | 2017-10-13 11:57:47,900 | mqtt_performance_tester.analyze_with_dup:68 | INCAPSULATION...
DEBUG   | 2017-10-13 11:57:47,900 | mqtt_performance_tester.analyze_with_dup:68 | INCAPSULATION...
DEBUG   | 2017-10-13 11:57:47,953 | mqtt_performance_tester.analyze_with_dup:68 | INCAPSULATION...
DEBUG   | 2017-10-13 11:57:47,954 | mqtt_performance_tester.analyze_with_dup:68 | INCAPSULATION...
DEBUG   | 2017-10-13 11:57:47,954 | mqtt_performance_tester.analyze_with_dup:68 | INCAPSULATION...
DEBUG   | 2017-10-13 11:57:47,954 | mqtt_performance_tester.analyze_with_dup:68 | INCAPSULATION...
DEBUG   | 2017-10-13 11:57:47,980 | mqtt_performance_tester.analyze_with_dup:163| ---------------------------------------
DEBUG   | 2017-10-13 11:57:47,981 | mqtt_performance_tester.analyze_with_dup:164| Detected 4024 MQTT packets
DEBUG   | 2017-10-13 11:57:47,981 | mqtt_performance_tester.analyze_with_dup:165| ---------------------------------------
DEBUG   | 2017-10-13 11:57:47,981 | mqtt_performance_tester.analyze_with_dup:167| --- n. 500 of MQTT msg: Connect Command  
DEBUG   | 2017-10-13 11:57:47,981 | mqtt_performance_tester.analyze_with_dup:167| --- n. 564 of MQTT msg: Publish Release  
DEBUG   | 2017-10-13 11:57:47,981 | mqtt_performance_tester.analyze_with_dup:167| --- n. 556 of MQTT msg: Publish Complete  
DEBUG   | 2017-10-13 11:57:47,981 | mqtt_performance_tester.analyze_with_dup:167| --- n. 567 of MQTT msg: Publish Message  
DEBUG   | 2017-10-13 11:57:47,981 | mqtt_performance_tester.analyze_with_dup:167| --- n. 785 of MQTT msg: Connect Ack  
DEBUG   | 2017-10-13 11:57:47,981 | mqtt_performance_tester.analyze_with_dup:167| --- n. 461 of MQTT msg: Disconnect Req  
DEBUG   | 2017-10-13 11:57:47,981 | mqtt_performance_tester.analyze_with_dup:167| --- n. 593 of MQTT msg: Publish Received  
DEBUG   | 2017-10-13 11:57:47,981 | mqtt_performance_tester.analyze_with_dup:168| ---------------------------------------
DEBUG   | 2017-10-13 11:57:47,982 | mqtt_performance_tester.analyze_with_dup:169| --- 4024 TOTAL MQTT msg exchanged 
DEBUG   | 2017-10-13 11:57:47,982 | mqtt_performance_tester.analyze_with_dup:170| ---------------------------------------
DEBUG   | 2017-10-13 11:57:47,982 | mqtt_performance_tester.analyze_with_dup:171| --- Total Message:       10736
DEBUG   | 2017-10-13 11:57:47,982 | mqtt_performance_tester.analyze_with_dup:172| --- N.Frames:            10736 
DEBUG   | 2017-10-13 11:57:47,982 | mqtt_performance_tester.analyze_with_dup:173| --- TCP Message:         6752 
DEBUG   | 2017-10-13 11:57:47,982 | mqtt_performance_tester.analyze_with_dup:174| --- MQTT Message:        4024
DEBUG   | 2017-10-13 11:57:47,982 | mqtt_performance_tester.analyze_with_dup:175| --- UDP Message:         0
DEBUG   | 2017-10-13 11:57:47,982 | mqtt_performance_tester.analyze_with_dup:176| --- OTHER Message:       0
DEBUG   | 2017-10-13 11:57:47,982 | mqtt_performance_tester.analyze_with_dup:177| ---------------------------------------
DEBUG   | 2017-10-13 11:57:47,982 | mqtt_performance_tester.analyze_with_dup:178| --- TCP  packets size:   1476033
DEBUG   | 2017-10-13 11:57:47,982 | mqtt_performance_tester.analyze_with_dup:179| --- MQTT TCP size:       763028
DEBUG   | 2017-10-13 11:57:47,982 | mqtt_performance_tester.analyze_with_dup:180| --- TCP + TCP:MQTT size: 2239061
DEBUG   | 2017-10-13 11:57:47,982 | mqtt_performance_tester.analyze_with_dup:181| --- MQTT payload size:   751510
DEBUG   | 2017-10-13 11:57:47,982 | mqtt_performance_tester.analyze_with_dup:182| --- UPD packets size:    0
DEBUG   | 2017-10-13 11:57:47,982 | mqtt_performance_tester.analyze_with_dup:183| --- OTHERS packets size: 0
DEBUG   | 2017-10-13 11:57:47,983 | mqtt_performance_tester.analyze_with_dup:184| --- TCP+UDP+OTHER size:  2239061
DEBUG   | 2017-10-13 11:57:47,983 | mqtt_performance_tester.analyze_with_dup:185| --- TOTAL Frames size:   2812227
DEBUG   | 2017-10-13 11:57:47,983 | mqtt_performance_tester.analyze_with_dup:186| ---------------------------------------
INFO    | 2017-10-13 11:57:47,996 | mqtt_performance_tester.analyze_with_dup:268| [E2E Latency]  MIN: 1.7796459197998047 AVG:0.6296247458509664 MAX:89.43459796905518
INFO    | 2017-10-13 11:57:47,997 | mqtt_performance_tester.analyze_with_dup:222| [TCP_OVERHEAD] TCP [1476033] / TOTAL (TCP+MQTT)[2239061] = 0.659220 
INFO    | 2017-10-13 11:57:47,997 | mqtt_performance_tester.analyze_with_dup:223| [TCP_OVERHEAD] MQTT[751510] / TOTAL (TCP+MQTT)[2239061] = 0.335636 
INFO    | 2017-10-13 11:57:47,997 | mqtt_performance_tester.analyze_with_dup:210| [Packet  DROP] MQTT_PAYLOAD[751510] / TCP+MQTT_TCP[2239061]= 0.335636 
INFO    | 2017-10-13 11:57:48,089 |                                 __main__:63 | [-] Read File : ./data/mqtt_capture_qos_2_payload_128_num_req_500.pcap
DEBUG   | 2017-10-13 11:57:48,089 |         mqtt_performance_tester.commands:71 | Execute TSHARK to dissect as JSON file
DEBUG   | 2017-10-13 11:57:51,351 |         mqtt_performance_tester.commands:75 | Dissect PCAP as JSON using this command: tshark -r ./data/mqtt_capture_qos_2_payload_128_num_req_500.pcap -l -n -x -T json > ./data/mqtt_capture_qos_2_payload_128_num_req_500.json
INFO    | 2017-10-13 11:57:51,352 |                                 __main__:72 | [-] |--- FileID : ./data/mqtt_capture_qos_2_payload_128_num_req_500
INFO    | 2017-10-13 11:57:51,354 |                                 __main__:78 | [-] |--- QoS: 2
INFO    | 2017-10-13 11:57:51,354 |                                 __main__:79 | [-] |--- Payload: 128
INFO    | 2017-10-13 11:57:51,355 |                                 __main__:80 | [-] |--- Iteration: 500
DEBUG   | 2017-10-13 11:57:52,884 | mqtt_performance_tester.analyze_with_dup:53 | Search data in 1799814 line of strings
DEBUG   | 2017-10-13 11:57:55,081 | mqtt_performance_tester.analyze_with_dup:163| ---------------------------------------
DEBUG   | 2017-10-13 11:57:55,081 | mqtt_performance_tester.analyze_with_dup:164| Detected 3498 MQTT packets
DEBUG   | 2017-10-13 11:57:55,081 | mqtt_performance_tester.analyze_with_dup:165| ---------------------------------------
DEBUG   | 2017-10-13 11:57:55,081 | mqtt_performance_tester.analyze_with_dup:167| --- n. 500 of MQTT msg: Connect Command  
DEBUG   | 2017-10-13 11:57:55,081 | mqtt_performance_tester.analyze_with_dup:167| --- n. 500 of MQTT msg: Publish Release  
DEBUG   | 2017-10-13 11:57:55,082 | mqtt_performance_tester.analyze_with_dup:167| --- n. 499 of MQTT msg: Publish Complete  
DEBUG   | 2017-10-13 11:57:55,082 | mqtt_performance_tester.analyze_with_dup:167| --- n. 500 of MQTT msg: Publish Message  
DEBUG   | 2017-10-13 11:57:55,082 | mqtt_performance_tester.analyze_with_dup:167| --- n. 500 of MQTT msg: Connect Ack  
DEBUG   | 2017-10-13 11:57:55,082 | mqtt_performance_tester.analyze_with_dup:167| --- n. 499 of MQTT msg: Disconnect Req  
DEBUG   | 2017-10-13 11:57:55,082 | mqtt_performance_tester.analyze_with_dup:167| --- n. 500 of MQTT msg: Publish Received  
DEBUG   | 2017-10-13 11:57:55,082 | mqtt_performance_tester.analyze_with_dup:168| ---------------------------------------
DEBUG   | 2017-10-13 11:57:55,082 | mqtt_performance_tester.analyze_with_dup:169| --- 3498 TOTAL MQTT msg exchanged 
DEBUG   | 2017-10-13 11:57:55,082 | mqtt_performance_tester.analyze_with_dup:170| ---------------------------------------
DEBUG   | 2017-10-13 11:57:55,082 | mqtt_performance_tester.analyze_with_dup:171| --- Total Message:       10714
DEBUG   | 2017-10-13 11:57:55,082 | mqtt_performance_tester.analyze_with_dup:172| --- N.Frames:            10714 
DEBUG   | 2017-10-13 11:57:55,082 | mqtt_performance_tester.analyze_with_dup:173| --- TCP Message:         4001 
DEBUG   | 2017-10-13 11:57:55,082 | mqtt_performance_tester.analyze_with_dup:174| --- MQTT Message:        3498
DEBUG   | 2017-10-13 11:57:55,083 | mqtt_performance_tester.analyze_with_dup:175| --- UDP Message:         0
DEBUG   | 2017-10-13 11:57:55,083 | mqtt_performance_tester.analyze_with_dup:176| --- OTHER Message:       3215
DEBUG   | 2017-10-13 11:57:55,083 | mqtt_performance_tester.analyze_with_dup:177| ---------------------------------------
DEBUG   | 2017-10-13 11:57:55,083 | mqtt_performance_tester.analyze_with_dup:178| --- TCP  packets size:   0
DEBUG   | 2017-10-13 11:57:55,083 | mqtt_performance_tester.analyze_with_dup:179| --- MQTT TCP size:       96994
DEBUG   | 2017-10-13 11:57:55,083 | mqtt_performance_tester.analyze_with_dup:180| --- TCP + TCP:MQTT size: 96994
DEBUG   | 2017-10-13 11:57:55,083 | mqtt_performance_tester.analyze_with_dup:181| --- MQTT payload size:   89498
DEBUG   | 2017-10-13 11:57:55,084 | mqtt_performance_tester.analyze_with_dup:182| --- UPD packets size:    0
DEBUG   | 2017-10-13 11:57:55,084 | mqtt_performance_tester.analyze_with_dup:183| --- OTHERS packets size: 0
DEBUG   | 2017-10-13 11:57:55,084 | mqtt_performance_tester.analyze_with_dup:184| --- TCP+UDP+OTHER size:  96994
DEBUG   | 2017-10-13 11:57:55,084 | mqtt_performance_tester.analyze_with_dup:185| --- TOTAL Frames size:   588189
DEBUG   | 2017-10-13 11:57:55,084 | mqtt_performance_tester.analyze_with_dup:186| ---------------------------------------
INFO    | 2017-10-13 11:57:55,094 | mqtt_performance_tester.analyze_with_dup:268| [E2E Latency]  MIN: 1.3085908889770508 AVG:0.13312812109509548 MAX:1.4104931354522705
INFO    | 2017-10-13 11:57:55,094 | mqtt_performance_tester.analyze_with_dup:222| [TCP_OVERHEAD] TCP [0] / TOTAL (TCP+MQTT)[96994] = 0.000000 
INFO    | 2017-10-13 11:57:55,094 | mqtt_performance_tester.analyze_with_dup:223| [TCP_OVERHEAD] MQTT[89498] / TOTAL (TCP+MQTT)[96994] = 0.922717 
INFO    | 2017-10-13 11:57:55,095 | mqtt_performance_tester.analyze_with_dup:210| [Packet  DROP] MQTT_PAYLOAD[89498] / TCP+MQTT_TCP[96994]= 0.922717 
INFO    | 2017-10-13 11:57:55,169 |                                 __main__:63 | [-] Read File : ./data/mqtt_capture_qos_2_payload_256_num_req_500.pcap
DEBUG   | 2017-10-13 11:57:55,170 |         mqtt_performance_tester.commands:71 | Execute TSHARK to dissect as JSON file
DEBUG   | 2017-10-13 11:57:56,734 |         mqtt_performance_tester.commands:75 | Dissect PCAP as JSON using this command: tshark -r ./data/mqtt_capture_qos_2_payload_256_num_req_500.pcap -l -n -x -T json > ./data/mqtt_capture_qos_2_payload_256_num_req_500.json
INFO    | 2017-10-13 11:57:56,734 |                                 __main__:72 | [-] |--- FileID : ./data/mqtt_capture_qos_2_payload_256_num_req_500
INFO    | 2017-10-13 11:57:56,737 |                                 __main__:78 | [-] |--- QoS: 2
INFO    | 2017-10-13 11:57:56,737 |                                 __main__:79 | [-] |--- Payload: 256
INFO    | 2017-10-13 11:57:56,737 |                                 __main__:80 | [-] |--- Iteration: 500
DEBUG   | 2017-10-13 11:57:57,363 | mqtt_performance_tester.analyze_with_dup:53 | Search data in 770880 line of strings
DEBUG   | 2017-10-13 11:57:58,223 | mqtt_performance_tester.analyze_with_dup:163| ---------------------------------------
DEBUG   | 2017-10-13 11:57:58,223 | mqtt_performance_tester.analyze_with_dup:164| Detected 1487 MQTT packets
DEBUG   | 2017-10-13 11:57:58,224 | mqtt_performance_tester.analyze_with_dup:165| ---------------------------------------
DEBUG   | 2017-10-13 11:57:58,224 | mqtt_performance_tester.analyze_with_dup:167| --- n. 213 of MQTT msg: Connect Command  
DEBUG   | 2017-10-13 11:57:58,224 | mqtt_performance_tester.analyze_with_dup:167| --- n. 212 of MQTT msg: Publish Release  
DEBUG   | 2017-10-13 11:57:58,224 | mqtt_performance_tester.analyze_with_dup:167| --- n. 212 of MQTT msg: Publish Complete  
DEBUG   | 2017-10-13 11:57:58,224 | mqtt_performance_tester.analyze_with_dup:167| --- n. 213 of MQTT msg: Publish Message  
DEBUG   | 2017-10-13 11:57:58,224 | mqtt_performance_tester.analyze_with_dup:167| --- n. 213 of MQTT msg: Connect Ack  
DEBUG   | 2017-10-13 11:57:58,224 | mqtt_performance_tester.analyze_with_dup:167| --- n. 212 of MQTT msg: Disconnect Req  
DEBUG   | 2017-10-13 11:57:58,224 | mqtt_performance_tester.analyze_with_dup:167| --- n. 212 of MQTT msg: Publish Received  
DEBUG   | 2017-10-13 11:57:58,224 | mqtt_performance_tester.analyze_with_dup:168| ---------------------------------------
DEBUG   | 2017-10-13 11:57:58,224 | mqtt_performance_tester.analyze_with_dup:169| --- 1487 TOTAL MQTT msg exchanged 
DEBUG   | 2017-10-13 11:57:58,224 | mqtt_performance_tester.analyze_with_dup:170| ---------------------------------------
DEBUG   | 2017-10-13 11:57:58,224 | mqtt_performance_tester.analyze_with_dup:171| --- Total Message:       4607
DEBUG   | 2017-10-13 11:57:58,224 | mqtt_performance_tester.analyze_with_dup:172| --- N.Frames:            4607 
DEBUG   | 2017-10-13 11:57:58,225 | mqtt_performance_tester.analyze_with_dup:173| --- TCP Message:         1703 
DEBUG   | 2017-10-13 11:57:58,225 | mqtt_performance_tester.analyze_with_dup:174| --- MQTT Message:        1487
DEBUG   | 2017-10-13 11:57:58,225 | mqtt_performance_tester.analyze_with_dup:175| --- UDP Message:         0
DEBUG   | 2017-10-13 11:57:58,225 | mqtt_performance_tester.analyze_with_dup:176| --- OTHER Message:       1417
DEBUG   | 2017-10-13 11:57:58,225 | mqtt_performance_tester.analyze_with_dup:177| ---------------------------------------
DEBUG   | 2017-10-13 11:57:58,225 | mqtt_performance_tester.analyze_with_dup:178| --- TCP  packets size:   270
DEBUG   | 2017-10-13 11:57:58,225 | mqtt_performance_tester.analyze_with_dup:179| --- MQTT TCP size:       68572
DEBUG   | 2017-10-13 11:57:58,225 | mqtt_performance_tester.analyze_with_dup:180| --- TCP + TCP:MQTT size: 68842
DEBUG   | 2017-10-13 11:57:58,225 | mqtt_performance_tester.analyze_with_dup:181| --- MQTT payload size:   65385
DEBUG   | 2017-10-13 11:57:58,225 | mqtt_performance_tester.analyze_with_dup:182| --- UPD packets size:    0
DEBUG   | 2017-10-13 11:57:58,225 | mqtt_performance_tester.analyze_with_dup:183| --- OTHERS packets size: 0
DEBUG   | 2017-10-13 11:57:58,225 | mqtt_performance_tester.analyze_with_dup:184| --- TCP+UDP+OTHER size:  68842
DEBUG   | 2017-10-13 11:57:58,225 | mqtt_performance_tester.analyze_with_dup:185| --- TOTAL Frames size:   279223
DEBUG   | 2017-10-13 11:57:58,225 | mqtt_performance_tester.analyze_with_dup:186| ---------------------------------------
INFO    | 2017-10-13 11:57:58,231 | mqtt_performance_tester.analyze_with_dup:268| [E2E Latency]  MIN: 1.3877251148223877 AVG:0.14144959854629807 MAX:1.4899091720581055
INFO    | 2017-10-13 11:57:58,231 | mqtt_performance_tester.analyze_with_dup:222| [TCP_OVERHEAD] TCP [270] / TOTAL (TCP+MQTT)[68842] = 0.003922 
INFO    | 2017-10-13 11:57:58,231 | mqtt_performance_tester.analyze_with_dup:223| [TCP_OVERHEAD] MQTT[65385] / TOTAL (TCP+MQTT)[68842] = 0.949784 
INFO    | 2017-10-13 11:57:58,231 | mqtt_performance_tester.analyze_with_dup:210| [Packet  DROP] MQTT_PAYLOAD[65385] / TCP+MQTT_TCP[68842]= 0.949784 
INFO    | 2017-10-13 11:57:58,264 |                                 __main__:63 | [-] Read File : ./data/mqtt_capture_qos_2_payload_512_num_req_500.pcap
DEBUG   | 2017-10-13 11:57:58,264 |         mqtt_performance_tester.commands:71 | Execute TSHARK to dissect as JSON file
DEBUG   | 2017-10-13 11:58:02,390 |         mqtt_performance_tester.commands:75 | Dissect PCAP as JSON using this command: tshark -r ./data/mqtt_capture_qos_2_payload_512_num_req_500.pcap -l -n -x -T json > ./data/mqtt_capture_qos_2_payload_512_num_req_500.json
INFO    | 2017-10-13 11:58:02,390 |                                 __main__:72 | [-] |--- FileID : ./data/mqtt_capture_qos_2_payload_512_num_req_500
INFO    | 2017-10-13 11:58:02,390 |                                 __main__:78 | [-] |--- QoS: 2
INFO    | 2017-10-13 11:58:02,393 |                                 __main__:79 | [-] |--- Payload: 512
INFO    | 2017-10-13 11:58:02,394 |                                 __main__:80 | [-] |--- Iteration: 500
DEBUG   | 2017-10-13 11:58:04,061 | mqtt_performance_tester.analyze_with_dup:53 | Search data in 1876390 line of strings
DEBUG   | 2017-10-13 11:58:05,162 | mqtt_performance_tester.analyze_with_dup:68 | INCAPSULATION...
DEBUG   | 2017-10-13 11:58:05,163 | mqtt_performance_tester.analyze_with_dup:68 | INCAPSULATION...
DEBUG   | 2017-10-13 11:58:05,163 | mqtt_performance_tester.analyze_with_dup:68 | INCAPSULATION...
DEBUG   | 2017-10-13 11:58:05,164 | mqtt_performance_tester.analyze_with_dup:68 | INCAPSULATION...
DEBUG   | 2017-10-13 11:58:05,164 | mqtt_performance_tester.analyze_with_dup:68 | INCAPSULATION...
DEBUG   | 2017-10-13 11:58:05,615 | mqtt_performance_tester.analyze_with_dup:68 | INCAPSULATION...
DEBUG   | 2017-10-13 11:58:05,620 | mqtt_performance_tester.analyze_with_dup:68 | INCAPSULATION...
DEBUG   | 2017-10-13 11:58:05,985 | mqtt_performance_tester.analyze_with_dup:68 | INCAPSULATION...
DEBUG   | 2017-10-13 11:58:05,989 | mqtt_performance_tester.analyze_with_dup:68 | INCAPSULATION...
DEBUG   | 2017-10-13 11:58:05,991 | mqtt_performance_tester.analyze_with_dup:68 | INCAPSULATION...
DEBUG   | 2017-10-13 11:58:05,991 | mqtt_performance_tester.analyze_with_dup:68 | INCAPSULATION...
DEBUG   | 2017-10-13 11:58:06,381 | mqtt_performance_tester.analyze_with_dup:163| ---------------------------------------
DEBUG   | 2017-10-13 11:58:06,381 | mqtt_performance_tester.analyze_with_dup:164| Detected 3791 MQTT packets
DEBUG   | 2017-10-13 11:58:06,381 | mqtt_performance_tester.analyze_with_dup:165| ---------------------------------------
DEBUG   | 2017-10-13 11:58:06,381 | mqtt_performance_tester.analyze_with_dup:167| --- n. 500 of MQTT msg: Connect Command  
DEBUG   | 2017-10-13 11:58:06,382 | mqtt_performance_tester.analyze_with_dup:167| --- n. 514 of MQTT msg: Publish Release  
DEBUG   | 2017-10-13 11:58:06,382 | mqtt_performance_tester.analyze_with_dup:167| --- n. 561 of MQTT msg: Publish Complete  
DEBUG   | 2017-10-13 11:58:06,382 | mqtt_performance_tester.analyze_with_dup:167| --- n. 517 of MQTT msg: Publish Message  
DEBUG   | 2017-10-13 11:58:06,382 | mqtt_performance_tester.analyze_with_dup:167| --- n. 653 of MQTT msg: Connect Ack  
DEBUG   | 2017-10-13 11:58:06,382 | mqtt_performance_tester.analyze_with_dup:167| --- n. 498 of MQTT msg: Disconnect Req  
DEBUG   | 2017-10-13 11:58:06,382 | mqtt_performance_tester.analyze_with_dup:167| --- n. 549 of MQTT msg: Publish Received  
DEBUG   | 2017-10-13 11:58:06,382 | mqtt_performance_tester.analyze_with_dup:168| ---------------------------------------
DEBUG   | 2017-10-13 11:58:06,382 | mqtt_performance_tester.analyze_with_dup:169| --- 3791 TOTAL MQTT msg exchanged 
DEBUG   | 2017-10-13 11:58:06,382 | mqtt_performance_tester.analyze_with_dup:170| ---------------------------------------
DEBUG   | 2017-10-13 11:58:06,382 | mqtt_performance_tester.analyze_with_dup:171| --- Total Message:       9610
DEBUG   | 2017-10-13 11:58:06,382 | mqtt_performance_tester.analyze_with_dup:172| --- N.Frames:            9610 
DEBUG   | 2017-10-13 11:58:06,382 | mqtt_performance_tester.analyze_with_dup:173| --- TCP Message:         5830 
DEBUG   | 2017-10-13 11:58:06,382 | mqtt_performance_tester.analyze_with_dup:174| --- MQTT Message:        3791
DEBUG   | 2017-10-13 11:58:06,382 | mqtt_performance_tester.analyze_with_dup:175| --- UDP Message:         0
DEBUG   | 2017-10-13 11:58:06,382 | mqtt_performance_tester.analyze_with_dup:176| --- OTHER Message:       0
DEBUG   | 2017-10-13 11:58:06,382 | mqtt_performance_tester.analyze_with_dup:177| ---------------------------------------
DEBUG   | 2017-10-13 11:58:06,382 | mqtt_performance_tester.analyze_with_dup:178| --- TCP  packets size:   265758
DEBUG   | 2017-10-13 11:58:06,383 | mqtt_performance_tester.analyze_with_dup:179| --- MQTT TCP size:       303058
DEBUG   | 2017-10-13 11:58:06,383 | mqtt_performance_tester.analyze_with_dup:180| --- TCP + TCP:MQTT size: 568816
DEBUG   | 2017-10-13 11:58:06,383 | mqtt_performance_tester.analyze_with_dup:181| --- MQTT payload size:   290943
DEBUG   | 2017-10-13 11:58:06,383 | mqtt_performance_tester.analyze_with_dup:182| --- UPD packets size:    0
DEBUG   | 2017-10-13 11:58:06,383 | mqtt_performance_tester.analyze_with_dup:183| --- OTHERS packets size: 0
DEBUG   | 2017-10-13 11:58:06,383 | mqtt_performance_tester.analyze_with_dup:184| --- TCP+UDP+OTHER size:  568816
DEBUG   | 2017-10-13 11:58:06,383 | mqtt_performance_tester.analyze_with_dup:185| --- TOTAL Frames size:   1078636
DEBUG   | 2017-10-13 11:58:06,383 | mqtt_performance_tester.analyze_with_dup:186| ---------------------------------------
INFO    | 2017-10-13 11:58:06,394 | mqtt_performance_tester.analyze_with_dup:268| [E2E Latency]  MIN: 1.4667320251464844 AVG:0.37077671428282105 MAX:22.719626903533936
INFO    | 2017-10-13 11:58:06,394 | mqtt_performance_tester.analyze_with_dup:222| [TCP_OVERHEAD] TCP [265758] / TOTAL (TCP+MQTT)[568816] = 0.467213 
INFO    | 2017-10-13 11:58:06,394 | mqtt_performance_tester.analyze_with_dup:223| [TCP_OVERHEAD] MQTT[290943] / TOTAL (TCP+MQTT)[568816] = 0.511489 
INFO    | 2017-10-13 11:58:06,395 | mqtt_performance_tester.analyze_with_dup:210| [Packet  DROP] MQTT_PAYLOAD[290943] / TCP+MQTT_TCP[568816]= 0.511489 
INFO    | 2017-10-13 11:58:06,469 |                                 __main__:42 | - Check directoty ./images/ ...
INFO    | 2017-10-13 11:58:06,471 |                                 __main__:58 | [-] Inspect Files in : ./images//
INFO    | 2017-10-13 11:58:06,472 |                                 __main__:42 | - Check directoty ./log/ ...
INFO    | 2017-10-13 11:58:06,472 |                                 __main__:58 | [-] Inspect Files in : ./log//
INFO    | 2017-10-13 11:58:06,472 |                                 __main__:42 | - Check directoty ./mqtt_performance_tester/ ...
INFO    | 2017-10-13 11:58:06,472 |                                 __main__:58 | [-] Inspect Files in : ./mqtt_performance_tester//
INFO    | 2017-10-13 11:58:06,473 |                                 __main__:42 | - Check directoty ./tmp/ ...
INFO    | 2017-10-13 11:58:06,473 |                                 __main__:58 | [-] Inspect Files in : ./tmp//
